19:02:33:218[cluster-ClusterId{value='67e72f6e447e4f6f19d0bb18', description='Cluster0'}-ac-74mjvaa-shard-00-00.ynlxc8v.mongodb.net:27017] INFO  org.mongodb.driver.cluster - Exception in monitor thread while connecting to server ac-74mjvaa-shard-00-00.ynlxc8v.mongodb.net:27017
com.mongodb.MongoSocketReadTimeoutException: Timeout while receiving message
	at com.mongodb.internal.connection.InternalStreamConnection.createReadTimeoutException(InternalStreamConnection.java:824)
	at com.mongodb.internal.connection.InternalStreamConnection.translateReadException(InternalStreamConnection.java:812)
	at com.mongodb.internal.connection.InternalStreamConnection.receiveResponseBuffers(InternalStreamConnection.java:862)
	at com.mongodb.internal.connection.InternalStreamConnection.receiveCommandMessageResponse(InternalStreamConnection.java:517)
	at com.mongodb.internal.connection.InternalStreamConnection.receive(InternalStreamConnection.java:469)
	at com.mongodb.internal.connection.DefaultServerMonitor$ServerMonitor.lookupServerDescription(DefaultServerMonitor.java:249)
	at com.mongodb.internal.connection.DefaultServerMonitor$ServerMonitor.run(DefaultServerMonitor.java:176)
Caused by: java.net.SocketTimeoutException: Read timed out
	at java.base/sun.nio.ch.NioSocketImpl.timedRead(NioSocketImpl.java:288)
	at java.base/sun.nio.ch.NioSocketImpl.implRead(NioSocketImpl.java:314)
	at java.base/sun.nio.ch.NioSocketImpl.read(NioSocketImpl.java:355)
	at java.base/sun.nio.ch.NioSocketImpl$1.read(NioSocketImpl.java:808)
	at java.base/java.net.Socket$SocketInputStream.read(Socket.java:966)
	at java.base/sun.security.ssl.SSLSocketInputRecord.read(SSLSocketInputRecord.java:484)
	at java.base/sun.security.ssl.SSLSocketInputRecord.readHeader(SSLSocketInputRecord.java:478)
	at java.base/sun.security.ssl.SSLSocketInputRecord.bytesInCompletePacket(SSLSocketInputRecord.java:70)
	at java.base/sun.security.ssl.SSLSocketImpl.readApplicationRecord(SSLSocketImpl.java:1465)
	at java.base/sun.security.ssl.SSLSocketImpl$AppInputStream.read(SSLSocketImpl.java:1069)
	at com.mongodb.internal.connection.SocketStream.read(SocketStream.java:182)
	at com.mongodb.internal.connection.InternalStreamConnection.receiveResponseBuffers(InternalStreamConnection.java:829)
	... 4 common frames omitted
19:02:33:234[cluster-ClusterId{value='67e72f6e447e4f6f19d0bb18', description='Cluster0'}-ac-74mjvaa-shard-00-01.ynlxc8v.mongodb.net:27017] INFO  org.mongodb.driver.cluster - Exception in monitor thread while connecting to server ac-74mjvaa-shard-00-01.ynlxc8v.mongodb.net:27017
com.mongodb.MongoSocketReadTimeoutException: Timeout while receiving message
	at com.mongodb.internal.connection.InternalStreamConnection.createReadTimeoutException(InternalStreamConnection.java:824)
	at com.mongodb.internal.connection.InternalStreamConnection.translateReadException(InternalStreamConnection.java:812)
	at com.mongodb.internal.connection.InternalStreamConnection.receiveResponseBuffers(InternalStreamConnection.java:862)
	at com.mongodb.internal.connection.InternalStreamConnection.receiveCommandMessageResponse(InternalStreamConnection.java:517)
	at com.mongodb.internal.connection.InternalStreamConnection.receive(InternalStreamConnection.java:469)
	at com.mongodb.internal.connection.DefaultServerMonitor$ServerMonitor.lookupServerDescription(DefaultServerMonitor.java:249)
	at com.mongodb.internal.connection.DefaultServerMonitor$ServerMonitor.run(DefaultServerMonitor.java:176)
Caused by: java.net.SocketTimeoutException: Read timed out
	at java.base/sun.nio.ch.NioSocketImpl.timedRead(NioSocketImpl.java:288)
	at java.base/sun.nio.ch.NioSocketImpl.implRead(NioSocketImpl.java:314)
	at java.base/sun.nio.ch.NioSocketImpl.read(NioSocketImpl.java:355)
	at java.base/sun.nio.ch.NioSocketImpl$1.read(NioSocketImpl.java:808)
	at java.base/java.net.Socket$SocketInputStream.read(Socket.java:966)
	at java.base/sun.security.ssl.SSLSocketInputRecord.read(SSLSocketInputRecord.java:484)
	at java.base/sun.security.ssl.SSLSocketInputRecord.readHeader(SSLSocketInputRecord.java:478)
	at java.base/sun.security.ssl.SSLSocketInputRecord.bytesInCompletePacket(SSLSocketInputRecord.java:70)
	at java.base/sun.security.ssl.SSLSocketImpl.readApplicationRecord(SSLSocketImpl.java:1465)
	at java.base/sun.security.ssl.SSLSocketImpl$AppInputStream.read(SSLSocketImpl.java:1069)
	at com.mongodb.internal.connection.SocketStream.read(SocketStream.java:182)
	at com.mongodb.internal.connection.InternalStreamConnection.receiveResponseBuffers(InternalStreamConnection.java:829)
	... 4 common frames omitted
19:02:33:357[cluster-ClusterId{value='67e72f6e447e4f6f19d0bb18', description='Cluster0'}-ac-74mjvaa-shard-00-02.ynlxc8v.mongodb.net:27017] INFO  org.mongodb.driver.cluster - Exception in monitor thread while connecting to server ac-74mjvaa-shard-00-02.ynlxc8v.mongodb.net:27017
com.mongodb.MongoSocketReadTimeoutException: Timeout while receiving message
	at com.mongodb.internal.connection.InternalStreamConnection.createReadTimeoutException(InternalStreamConnection.java:824)
	at com.mongodb.internal.connection.InternalStreamConnection.translateReadException(InternalStreamConnection.java:812)
	at com.mongodb.internal.connection.InternalStreamConnection.receiveResponseBuffers(InternalStreamConnection.java:862)
	at com.mongodb.internal.connection.InternalStreamConnection.receiveCommandMessageResponse(InternalStreamConnection.java:517)
	at com.mongodb.internal.connection.InternalStreamConnection.receive(InternalStreamConnection.java:469)
	at com.mongodb.internal.connection.DefaultServerMonitor$ServerMonitor.lookupServerDescription(DefaultServerMonitor.java:249)
	at com.mongodb.internal.connection.DefaultServerMonitor$ServerMonitor.run(DefaultServerMonitor.java:176)
Caused by: java.net.SocketTimeoutException: Read timed out
	at java.base/sun.nio.ch.NioSocketImpl.timedRead(NioSocketImpl.java:288)
	at java.base/sun.nio.ch.NioSocketImpl.implRead(NioSocketImpl.java:314)
	at java.base/sun.nio.ch.NioSocketImpl.read(NioSocketImpl.java:355)
	at java.base/sun.nio.ch.NioSocketImpl$1.read(NioSocketImpl.java:808)
	at java.base/java.net.Socket$SocketInputStream.read(Socket.java:966)
	at java.base/sun.security.ssl.SSLSocketInputRecord.read(SSLSocketInputRecord.java:484)
	at java.base/sun.security.ssl.SSLSocketInputRecord.readHeader(SSLSocketInputRecord.java:478)
	at java.base/sun.security.ssl.SSLSocketInputRecord.bytesInCompletePacket(SSLSocketInputRecord.java:70)
	at java.base/sun.security.ssl.SSLSocketImpl.readApplicationRecord(SSLSocketImpl.java:1465)
	at java.base/sun.security.ssl.SSLSocketImpl$AppInputStream.read(SSLSocketImpl.java:1069)
	at com.mongodb.internal.connection.SocketStream.read(SocketStream.java:182)
	at com.mongodb.internal.connection.InternalStreamConnection.receiveResponseBuffers(InternalStreamConnection.java:829)
	... 4 common frames omitted
19:02:33:666[cluster-ClusterId{value='67e72f6e447e4f6f19d0bb18', description='Cluster0'}-ac-74mjvaa-shard-00-01.ynlxc8v.mongodb.net:27017] INFO  org.mongodb.driver.cluster - Monitor thread successfully connected to server with description ServerDescription{address=ac-74mjvaa-shard-00-01.ynlxc8v.mongodb.net:27017, type=REPLICA_SET_PRIMARY, cryptd=false, state=CONNECTED, ok=true, minWireVersion=0, maxWireVersion=25, maxDocumentSize=16777216, logicalSessionTimeoutMinutes=30, roundTripTimeNanos=180188958, minRoundTripTimeNanos=0, setName='atlas-jpaobk-shard-0', canonicalAddress=ac-74mjvaa-shard-00-01.ynlxc8v.mongodb.net:27017, hosts=[ac-74mjvaa-shard-00-00.ynlxc8v.mongodb.net:27017, ac-74mjvaa-shard-00-01.ynlxc8v.mongodb.net:27017, ac-74mjvaa-shard-00-02.ynlxc8v.mongodb.net:27017], passives=[], arbiters=[], primary='ac-74mjvaa-shard-00-01.ynlxc8v.mongodb.net:27017', tagSet=TagSet{[Tag{name='availabilityZone', value='usw2-az2'}, Tag{name='diskState', value='READY'}, Tag{name='nodeType', value='ELECTABLE'}, Tag{name='provider', value='AWS'}, Tag{name='region', value='US_WEST_2'}, Tag{name='workloadType', value='OPERATIONAL'}]}, electionId=7fffffff0000000000000023, setVersion=13, topologyVersion=TopologyVersion{processId=67d348dbc1b2cd7ac0cb5fe9, counter=6}, lastWriteDate=Fri Mar 28 19:02:33 CDT 2025, lastUpdateTimeNanos=217785528585291}
19:02:33:666[cluster-ClusterId{value='67e72f6e447e4f6f19d0bb18', description='Cluster0'}-ac-74mjvaa-shard-00-01.ynlxc8v.mongodb.net:27017] INFO  org.mongodb.driver.cluster - Discovered replica set primary ac-74mjvaa-shard-00-01.ynlxc8v.mongodb.net:27017 with max election id 7fffffff0000000000000023 and max set version 13
19:02:33:668[cluster-ClusterId{value='67e72f6e447e4f6f19d0bb18', description='Cluster0'}-ac-74mjvaa-shard-00-00.ynlxc8v.mongodb.net:27017] INFO  org.mongodb.driver.cluster - Monitor thread successfully connected to server with description ServerDescription{address=ac-74mjvaa-shard-00-00.ynlxc8v.mongodb.net:27017, type=REPLICA_SET_SECONDARY, cryptd=false, state=CONNECTED, ok=true, minWireVersion=0, maxWireVersion=25, maxDocumentSize=16777216, logicalSessionTimeoutMinutes=30, roundTripTimeNanos=180625167, minRoundTripTimeNanos=0, setName='atlas-jpaobk-shard-0', canonicalAddress=ac-74mjvaa-shard-00-00.ynlxc8v.mongodb.net:27017, hosts=[ac-74mjvaa-shard-00-00.ynlxc8v.mongodb.net:27017, ac-74mjvaa-shard-00-01.ynlxc8v.mongodb.net:27017, ac-74mjvaa-shard-00-02.ynlxc8v.mongodb.net:27017], passives=[], arbiters=[], primary='ac-74mjvaa-shard-00-01.ynlxc8v.mongodb.net:27017', tagSet=TagSet{[Tag{name='availabilityZone', value='usw2-az1'}, Tag{name='diskState', value='READY'}, Tag{name='nodeType', value='ELECTABLE'}, Tag{name='provider', value='AWS'}, Tag{name='region', value='US_WEST_2'}, Tag{name='workloadType', value='OPERATIONAL'}]}, electionId=null, setVersion=13, topologyVersion=TopologyVersion{processId=67d884bace6584a1b2d59f27, counter=4}, lastWriteDate=Fri Mar 28 19:02:33 CDT 2025, lastUpdateTimeNanos=217785530399583}
19:02:33:758[cluster-ClusterId{value='67e72f6e447e4f6f19d0bb18', description='Cluster0'}-ac-74mjvaa-shard-00-02.ynlxc8v.mongodb.net:27017] INFO  org.mongodb.driver.cluster - Monitor thread successfully connected to server with description ServerDescription{address=ac-74mjvaa-shard-00-02.ynlxc8v.mongodb.net:27017, type=REPLICA_SET_SECONDARY, cryptd=false, state=CONNECTED, ok=true, minWireVersion=0, maxWireVersion=25, maxDocumentSize=16777216, logicalSessionTimeoutMinutes=30, roundTripTimeNanos=171709666, minRoundTripTimeNanos=0, setName='atlas-jpaobk-shard-0', canonicalAddress=ac-74mjvaa-shard-00-02.ynlxc8v.mongodb.net:27017, hosts=[ac-74mjvaa-shard-00-00.ynlxc8v.mongodb.net:27017, ac-74mjvaa-shard-00-01.ynlxc8v.mongodb.net:27017, ac-74mjvaa-shard-00-02.ynlxc8v.mongodb.net:27017], passives=[], arbiters=[], primary='ac-74mjvaa-shard-00-01.ynlxc8v.mongodb.net:27017', tagSet=TagSet{[Tag{name='availabilityZone', value='usw2-az3'}, Tag{name='diskState', value='READY'}, Tag{name='nodeType', value='ELECTABLE'}, Tag{name='provider', value='AWS'}, Tag{name='region', value='US_WEST_2'}, Tag{name='workloadType', value='OPERATIONAL'}]}, electionId=null, setVersion=13, topologyVersion=TopologyVersion{processId=67db29adabb11af00571327d, counter=3}, lastWriteDate=Fri Mar 28 19:02:33 CDT 2025, lastUpdateTimeNanos=217785620971083}
19:02:44:276[SpringApplicationShutdownHook] INFO  o.s.b.w.e.tomcat.GracefulShutdown - Commencing graceful shutdown. Waiting for active requests to complete
19:02:44:282[tomcat-shutdown] INFO  o.s.b.w.e.tomcat.GracefulShutdown - Graceful shutdown complete
